f:\1_project\test_exercises\te_dijust_pong_game\x64\debug\vc142.pdb
f:\1_project\test_exercises\te_dijust_pong_game\x64\debug\vc142.idb
f:\1_project\test_exercises\te_dijust_pong_game\x64\debug\vector2d.obj
f:\1_project\test_exercises\te_dijust_pong_game\x64\debug\userinput.obj
f:\1_project\test_exercises\te_dijust_pong_game\x64\debug\pong_game.obj
f:\1_project\test_exercises\te_dijust_pong_game\x64\debug\object.obj
f:\1_project\test_exercises\te_dijust_pong_game\x64\debug\draw.obj
f:\1_project\test_exercises\te_dijust_pong_game\x64\debug\graphicrender.obj
f:\1_project\test_exercises\te_dijust_pong_game\x64\debug\eventsender.obj
f:\1_project\test_exercises\te_dijust_pong_game\x64\debug\eventrecipient.obj
f:\1_project\test_exercises\te_dijust_pong_game\x64\debug\senderuserinputevent.obj
f:\1_project\test_exercises\te_dijust_pong_game\x64\debug\recipientuserinputevent.obj
f:\1_project\test_exercises\te_dijust_pong_game\x64\debug\game.obj
f:\1_project\test_exercises\te_dijust_pong_game\x64\debug\pong_game.exe
f:\1_project\test_exercises\te_dijust_pong_game\x64\debug\pong_game.ilk
f:\1_project\test_exercises\te_dijust_pong_game\x64\debug\pong_game.pdb
f:\1_project\test_exercises\te_dijust_pong_game\x64\debug\pong_game.tlog\cl.command.1.tlog
f:\1_project\test_exercises\te_dijust_pong_game\x64\debug\pong_game.tlog\cl.read.1.tlog
f:\1_project\test_exercises\te_dijust_pong_game\x64\debug\pong_game.tlog\cl.write.1.tlog
f:\1_project\test_exercises\te_dijust_pong_game\x64\debug\pong_game.tlog\link.command.1.tlog
f:\1_project\test_exercises\te_dijust_pong_game\x64\debug\pong_game.tlog\link.read.1.tlog
f:\1_project\test_exercises\te_dijust_pong_game\x64\debug\pong_game.tlog\link.write.1.tlog
